#
# There is insufficient memory for the Java Runtime Environment to continue.
# Native memory allocation (malloc) failed to allocate 350736 bytes. Error detail: Chunk::new
# Possible reasons:
#   The system is out of physical RAM or swap space
#   This process is running with CompressedOops enabled, and the Java Heap may be blocking the growth of the native heap
# Possible solutions:
#   Reduce memory load on the system
#   Increase physical memory or swap space
#   Check if swap backing store is full
#   Decrease Java heap size (-Xmx/-Xms)
#   Decrease number of Java threads
#   Decrease Java thread stack sizes (-Xss)
#   Set larger code cache with -XX:ReservedCodeCacheSize=
#   JVM is running with Zero Based Compressed Oops mode in which the Java heap is
#     placed in the first 32GB address space. The Java Heap base address is the
#     maximum limit for the native heap growth. Please use -XX:HeapBaseMinAddress
#     to set the Java Heap base and to place the Java Heap above 32GB virtual address.
# This output file may be truncated or incomplete.
#
#  Out of Memory Error (arena.cpp:150), pid=47740, tid=46412
#
# JRE version: OpenJDK Runtime Environment (22.0+36) (build 22+36-2370)
# Java VM: OpenJDK 64-Bit Server VM (22+36-2370, mixed mode, sharing, tiered, compressed oops, compressed class ptrs, g1 gc, windows-amd64)
# No core dump will be written. Minidumps are not enabled by default on client versions of Windows
#

---------------  S U M M A R Y ------------

Command Line: -ea -DnodeNamesHandler=org.jetbrains.plugins.cucumber.java.run.CucumberTestTreeNodeManager -Didea.test.cyclic.buffer.size=1048576 -javaagent:C:\Users\v_ankit.sharma\AppData\Local\JetBrains\IntelliJ IDEA Community Edition 2023.3.6\lib\idea_rt.jar=57460:C:\Users\v_ankit.sharma\AppData\Local\JetBrains\IntelliJ IDEA Community Edition 2023.3.6\bin -Dfile.encoding=UTF-8 -Dsun.stdout.encoding=UTF-8 -Dsun.stderr.encoding=UTF-8 -agentpath:C:\Program Files\SentinelOne\Sentinel Agent 23.3.3.264\SentinelJava64.dll=extendedCapabilities com.intellij.rt.junit.JUnitStarter -ideVersion5 -junit4 Runner.runner

Host: 11th Gen Intel(R) Core(TM) i5-1145G7 @ 2.60GHz, 8 cores, 15G,  Windows 11 , 64 bit Build 22621 (10.0.22621.2428)
Time: Wed May 29 17:10:28 2024 India Standard Time elapsed time: 1.791084 seconds (0d 0h 0m 1s)

---------------  T H R E A D  ---------------

Current thread (0x00000283c1afed50):  JavaThread "C2 CompilerThread2" daemon [_thread_in_native, id=46412, stack(0x000000c2aeb00000,0x000000c2aec00000) (1024K)]


Current CompileTask:
C2:1791 1865 %     4       jdk.internal.loader.URLClassPath::getResource @ 39 (74 bytes)

Stack: [0x000000c2aeb00000,0x000000c2aec00000]
Native frames: (J=compiled Java code, j=interpreted, Vv=VM code, C=native code)
V  [jvm.dll+0x6e2349]  (no source info available)
V  [jvm.dll+0x874ed3]  (no source info available)
V  [jvm.dll+0x8772fe]  (no source info available)
V  [jvm.dll+0x8779d3]  (no source info available)
V  [jvm.dll+0x27fcb6]  (no source info available)
V  [jvm.dll+0xc3d0f]  (no source info available)
V  [jvm.dll+0xc3f6b]  (no source info available)
V  [jvm.dll+0x2f3b6f]  (no source info available)
V  [jvm.dll+0x60bd8a]  (no source info available)
V  [jvm.dll+0x2499d6]  (no source info available)
V  [jvm.dll+0x246eb6]  (no source info available)
V  [jvm.dll+0x1c4e90]  (no source info available)
V  [jvm.dll+0x25699e]  (no source info available)
V  [jvm.dll+0x254c5a]  (no source info available)
V  [jvm.dll+0x3f5426]  (no source info available)
V  [jvm.dll+0x81d50b]  (no source info available)
V  [jvm.dll+0x6e09e5]  (no source info available)
C  [ucrtbase.dll+0x29363]  (no source info available)
C  [KERNEL32.DLL+0x1257d]  (no source info available)
C  [ntdll.dll+0x5aa78]  (no source info available)


---------------  P R O C E S S  ---------------

Threads class SMR info:
_java_thread_list=0x00000283c13a32d0, length=14, elements={
0x0000028377b87700, 0x00000283c10297f0, 0x00000283c102a400, 0x00000283c102fdc0,
0x00000283c10309d0, 0x00000283c1031710, 0x00000283c103a360, 0x00000283c103cec0,
0x00000283c103fc60, 0x000002837f918db0, 0x00000283c12a0330, 0x00000283c12df270,
0x00000283c12e0060, 0x00000283c1afed50
}

Java Threads: ( => current thread )
  0x0000028377b87700 JavaThread "main"                              [_thread_in_vm, id=25196, stack(0x000000c2ad700000,0x000000c2ad800000) (1024K)]
  0x00000283c10297f0 JavaThread "Reference Handler"          daemon [_thread_blocked, id=14620, stack(0x000000c2adf00000,0x000000c2ae000000) (1024K)]
  0x00000283c102a400 JavaThread "Finalizer"                  daemon [_thread_blocked, id=42288, stack(0x000000c2ae000000,0x000000c2ae100000) (1024K)]
  0x00000283c102fdc0 JavaThread "Signal Dispatcher"          daemon [_thread_blocked, id=27444, stack(0x000000c2ae100000,0x000000c2ae200000) (1024K)]
  0x00000283c10309d0 JavaThread "Attach Listener"            daemon [_thread_blocked, id=50020, stack(0x000000c2ae200000,0x000000c2ae300000) (1024K)]
  0x00000283c1031710 JavaThread "Service Thread"             daemon [_thread_blocked, id=34268, stack(0x000000c2ae300000,0x000000c2ae400000) (1024K)]
  0x00000283c103a360 JavaThread "Monitor Deflation Thread"   daemon [_thread_blocked, id=16664, stack(0x000000c2ae400000,0x000000c2ae500000) (1024K)]
  0x00000283c103cec0 JavaThread "C2 CompilerThread0"         daemon [_thread_in_native, id=39408, stack(0x000000c2ae500000,0x000000c2ae600000) (1024K)]
  0x00000283c103fc60 JavaThread "C1 CompilerThread0"         daemon [_thread_blocked, id=21496, stack(0x000000c2ae600000,0x000000c2ae700000) (1024K)]
  0x000002837f918db0 JavaThread "Common-Cleaner"             daemon [_thread_blocked, id=42776, stack(0x000000c2ae700000,0x000000c2ae800000) (1024K)]
  0x00000283c12a0330 JavaThread "C2 CompilerThread1"         daemon [_thread_blocked, id=32728, stack(0x000000c2ae800000,0x000000c2ae900000) (1024K)]
  0x00000283c12df270 JavaThread "Monitor Ctrl-Break"         daemon [_thread_in_native, id=41268, stack(0x000000c2ae900000,0x000000c2aea00000) (1024K)]
  0x00000283c12e0060 JavaThread "Notification Thread"        daemon [_thread_blocked, id=33200, stack(0x000000c2aea00000,0x000000c2aeb00000) (1024K)]
=>0x00000283c1afed50 JavaThread "C2 CompilerThread2"         daemon [_thread_in_native, id=46412, stack(0x000000c2aeb00000,0x000000c2aec00000) (1024K)]
Total: 14

Other Threads:
  0x00000283c100d490 VMThread "VM Thread"                           [id=45620, stack(0x000000c2ade00000,0x000000c2adf00000) (1024K)]
  0x000002837f9173d0 WatcherThread "VM Periodic Task Thread"        [id=49012, stack(0x000000c2add00000,0x000000c2ade00000) (1024K)]
  0x000002837f74f810 WorkerThread "GC Thread#0"                     [id=46288, stack(0x000000c2ad800000,0x000000c2ad900000) (1024K)]
  0x00000283c654ee90 WorkerThread "GC Thread#1"                     [id=15560, stack(0x000000c2aec00000,0x000000c2aed00000) (1024K)]
  0x00000283c654f650 WorkerThread "GC Thread#2"                     [id=12248, stack(0x000000c2aed00000,0x000000c2aee00000) (1024K)]
  0x00000283c6968970 WorkerThread "GC Thread#3"                     [id=22288, stack(0x000000c2aee00000,0x000000c2aef00000) (1024K)]
  0x00000283c6966fa0 WorkerThread "GC Thread#4"                     [id=30776, stack(0x000000c2aef00000,0x000000c2af000000) (1024K)]
  0x00000283c6967ab0 WorkerThread "GC Thread#5"                     [id=47532, stack(0x000000c2af000000,0x000000c2af100000) (1024K)]
  0x00000283c6967e60 WorkerThread "GC Thread#6"                     [id=46544, stack(0x000000c2af100000,0x000000c2af200000) (1024K)]
  0x00000283c6967700 WorkerThread "GC Thread#7"                     [id=10672, stack(0x000000c2af200000,0x000000c2af300000) (1024K)]
  0x000002837f750830 ConcurrentGCThread "G1 Main Marker"            [id=48788, stack(0x000000c2ad900000,0x000000c2ada00000) (1024K)]
  0x000002837a4bca10 WorkerThread "G1 Conc#0"                       [id=42432, stack(0x000000c2ada00000,0x000000c2adb00000) (1024K)]
  0x000002837f7e5d20 ConcurrentGCThread "G1 Refine#0"               [id=34080, stack(0x000000c2adb00000,0x000000c2adc00000) (1024K)]
  0x000002837f7e6700 ConcurrentGCThread "G1 Service"                [id=35692, stack(0x000000c2adc00000,0x000000c2add00000) (1024K)]
Total: 14

Threads with active compile tasks:
C2 CompilerThread0  1873 1864 %     4       jdk.internal.loader.URLClassPath::findResource @ 3 (38 bytes)
C2 CompilerThread2  1873 1865 %     4       jdk.internal.loader.URLClassPath::getResource @ 39 (74 bytes)
Total: 2

VM state: not at safepoint (normal execution)

VM Mutex/Monitor currently owned by a thread:  ([mutex/lock_event])
[0x00007ffee826ab48] Metaspace_lock - owner thread: 0x0000028377b87700

Heap address: 0x0000000704400000, size: 4028 MB, Compressed Oops mode: Zero based, Oop shift amount: 3

CDS archive(s) mapped at: [0x0000028380000000-0x0000028380c50000-0x0000028380c50000), size 12910592, SharedBaseAddress: 0x0000028380000000, ArchiveRelocationMode: 1.
Compressed class space mapped at: 0x0000028381000000-0x00000283c1000000, reserved size: 1073741824
Narrow klass base: 0x0000028380000000, Narrow klass shift: 0, Narrow klass range: 0x41000000

GC Precious Log:
 CardTable entry size: 512
 Card Set container configuration: InlinePtr #cards 4 size 8 Array Of Cards #cards 16 size 48 Howl #buckets 8 coarsen threshold 3686 Howl Bitmap #cards 512 size 80 coarsen threshold 460 Card regions per heap region 1 cards per card region 4096
 CPUs: 8 total, 8 available
 Memory: 16110M
 Large Page Support: Disabled
 NUMA Support: Disabled
 Compressed Oops: Enabled (Zero based)
 Heap Region Size: 2M
 Heap Min Capacity: 8M
 Heap Initial Capacity: 252M
 Heap Max Capacity: 4028M
 Pre-touch: Disabled
 Parallel Workers: 8
 Concurrent Workers: 2
 Concurrent Refinement Workers: 8
 Periodic GC: Disabled

Heap:
 garbage-first heap   total reserved 4124672K, committed 258048K, used 31190K [0x0000000704400000, 0x0000000800000000)
  region size 2048K, 13 young (26624K), 2 survivors (4096K)
 Metaspace       used 16650K, committed 16768K, reserved 1114112K
  class space    used 1870K, committed 1920K, reserved 1048576K

Heap Regions: E=young(eden), S=young(survivor), O=old, HS=humongous(starts), HC=humongous(continues), CS=collection set, F=free, TAMS=top-at-mark-start, PB=parsable bottom
|   0|0x0000000704400000, 0x0000000704600000, 0x0000000704600000|100%| O|  |TAMS 0x0000000704400000| PB 0x0000000704400000| Untracked |  0
|   1|0x0000000704600000, 0x0000000704800000, 0x0000000704800000|100%| O|  |TAMS 0x0000000704600000| PB 0x0000000704600000| Untracked |  0
|   2|0x0000000704800000, 0x0000000704a00000, 0x0000000704a00000|100%| O|  |TAMS 0x0000000704800000| PB 0x0000000704800000| Untracked |  0
|   3|0x0000000704a00000, 0x0000000704bc9f90, 0x0000000704c00000| 89%| O|  |TAMS 0x0000000704a00000| PB 0x0000000704a00000| Untracked |  0
|   4|0x0000000704c00000, 0x0000000704c00000, 0x0000000704e00000|  0%| F|  |TAMS 0x0000000704c00000| PB 0x0000000704c00000| Untracked |  0
|   5|0x0000000704e00000, 0x0000000704e00000, 0x0000000705000000|  0%| F|  |TAMS 0x0000000704e00000| PB 0x0000000704e00000| Untracked |  0
|   6|0x0000000705000000, 0x0000000705000000, 0x0000000705200000|  0%| F|  |TAMS 0x0000000705000000| PB 0x0000000705000000| Untracked |  0
|   7|0x0000000705200000, 0x0000000705200000, 0x0000000705400000|  0%| F|  |TAMS 0x0000000705200000| PB 0x0000000705200000| Untracked |  0
|   8|0x0000000705400000, 0x0000000705400000, 0x0000000705600000|  0%| F|  |TAMS 0x0000000705400000| PB 0x0000000705400000| Untracked |  0
|   9|0x0000000705600000, 0x0000000705600000, 0x0000000705800000|  0%| F|  |TAMS 0x0000000705600000| PB 0x0000000705600000| Untracked |  0
|  10|0x0000000705800000, 0x0000000705800000, 0x0000000705a00000|  0%| F|  |TAMS 0x0000000705800000| PB 0x0000000705800000| Untracked |  0
|  11|0x0000000705a00000, 0x0000000705a00000, 0x0000000705c00000|  0%| F|  |TAMS 0x0000000705a00000| PB 0x0000000705a00000| Untracked |  0
|  12|0x0000000705c00000, 0x0000000705c00000, 0x0000000705e00000|  0%| F|  |TAMS 0x0000000705c00000| PB 0x0000000705c00000| Untracked |  0
|  13|0x0000000705e00000, 0x0000000705e00000, 0x0000000706000000|  0%| F|  |TAMS 0x0000000705e00000| PB 0x0000000705e00000| Untracked |  0
|  14|0x0000000706000000, 0x0000000706000000, 0x0000000706200000|  0%| F|  |TAMS 0x0000000706000000| PB 0x0000000706000000| Untracked |  0
|  15|0x0000000706200000, 0x0000000706200000, 0x0000000706400000|  0%| F|  |TAMS 0x0000000706200000| PB 0x0000000706200000| Untracked |  0
|  16|0x0000000706400000, 0x0000000706400000, 0x0000000706600000|  0%| F|  |TAMS 0x0000000706400000| PB 0x0000000706400000| Untracked |  0
|  17|0x0000000706600000, 0x0000000706600000, 0x0000000706800000|  0%| F|  |TAMS 0x0000000706600000| PB 0x0000000706600000| Untracked |  0
|  18|0x0000000706800000, 0x0000000706800000, 0x0000000706a00000|  0%| F|  |TAMS 0x0000000706800000| PB 0x0000000706800000| Untracked |  0
|  19|0x0000000706a00000, 0x0000000706a00000, 0x0000000706c00000|  0%| F|  |TAMS 0x0000000706a00000| PB 0x0000000706a00000| Untracked |  0
|  20|0x0000000706c00000, 0x0000000706c00000, 0x0000000706e00000|  0%| F|  |TAMS 0x0000000706c00000| PB 0x0000000706c00000| Untracked |  0
|  21|0x0000000706e00000, 0x0000000706e00000, 0x0000000707000000|  0%| F|  |TAMS 0x0000000706e00000| PB 0x0000000706e00000| Untracked |  0
|  22|0x0000000707000000, 0x0000000707000000, 0x0000000707200000|  0%| F|  |TAMS 0x0000000707000000| PB 0x0000000707000000| Untracked |  0
|  23|0x0000000707200000, 0x0000000707200000, 0x0000000707400000|  0%| F|  |TAMS 0x0000000707200000| PB 0x0000000707200000| Untracked |  0
|  24|0x0000000707400000, 0x0000000707400000, 0x0000000707600000|  0%| F|  |TAMS 0x0000000707400000| PB 0x0000000707400000| Untracked |  0
|  25|0x0000000707600000, 0x0000000707600000, 0x0000000707800000|  0%| F|  |TAMS 0x0000000707600000| PB 0x0000000707600000| Untracked |  0
|  26|0x0000000707800000, 0x0000000707800000, 0x0000000707a00000|  0%| F|  |TAMS 0x0000000707800000| PB 0x0000000707800000| Untracked |  0
|  27|0x0000000707a00000, 0x0000000707a00000, 0x0000000707c00000|  0%| F|  |TAMS 0x0000000707a00000| PB 0x0000000707a00000| Untracked |  0
|  28|0x0000000707c00000, 0x0000000707c00000, 0x0000000707e00000|  0%| F|  |TAMS 0x0000000707c00000| PB 0x0000000707c00000| Untracked |  0
|  29|0x0000000707e00000, 0x0000000707e00000, 0x0000000708000000|  0%| F|  |TAMS 0x0000000707e00000| PB 0x0000000707e00000| Untracked |  0
|  30|0x0000000708000000, 0x0000000708000000, 0x0000000708200000|  0%| F|  |TAMS 0x0000000708000000| PB 0x0000000708000000| Untracked |  0
|  31|0x0000000708200000, 0x0000000708200000, 0x0000000708400000|  0%| F|  |TAMS 0x0000000708200000| PB 0x0000000708200000| Untracked |  0
|  32|0x0000000708400000, 0x0000000708400000, 0x0000000708600000|  0%| F|  |TAMS 0x0000000708400000| PB 0x0000000708400000| Untracked |  0
|  33|0x0000000708600000, 0x0000000708600000, 0x0000000708800000|  0%| F|  |TAMS 0x0000000708600000| PB 0x0000000708600000| Untracked |  0
|  34|0x0000000708800000, 0x0000000708800000, 0x0000000708a00000|  0%| F|  |TAMS 0x0000000708800000| PB 0x0000000708800000| Untracked |  0
|  35|0x0000000708a00000, 0x0000000708a00000, 0x0000000708c00000|  0%| F|  |TAMS 0x0000000708a00000| PB 0x0000000708a00000| Untracked |  0
|  36|0x0000000708c00000, 0x0000000708c00000, 0x0000000708e00000|  0%| F|  |TAMS 0x0000000708c00000| PB 0x0000000708c00000| Untracked |  0
|  37|0x0000000708e00000, 0x0000000708e00000, 0x0000000709000000|  0%| F|  |TAMS 0x0000000708e00000| PB 0x0000000708e00000| Untracked |  0
|  38|0x0000000709000000, 0x0000000709000000, 0x0000000709200000|  0%| F|  |TAMS 0x0000000709000000| PB 0x0000000709000000| Untracked |  0
|  39|0x0000000709200000, 0x0000000709200000, 0x0000000709400000|  0%| F|  |TAMS 0x0000000709200000| PB 0x0000000709200000| Untracked |  0
|  40|0x0000000709400000, 0x0000000709400000, 0x0000000709600000|  0%| F|  |TAMS 0x0000000709400000| PB 0x0000000709400000| Untracked |  0
|  41|0x0000000709600000, 0x0000000709600000, 0x0000000709800000|  0%| F|  |TAMS 0x0000000709600000| PB 0x0000000709600000| Untracked |  0
|  42|0x0000000709800000, 0x0000000709800000, 0x0000000709a00000|  0%| F|  |TAMS 0x0000000709800000| PB 0x0000000709800000| Untracked |  0
|  43|0x0000000709a00000, 0x0000000709a00000, 0x0000000709c00000|  0%| F|  |TAMS 0x0000000709a00000| PB 0x0000000709a00000| Untracked |  0
|  44|0x0000000709c00000, 0x0000000709c00000, 0x0000000709e00000|  0%| F|  |TAMS 0x0000000709c00000| PB 0x0000000709c00000| Untracked |  0
|  45|0x0000000709e00000, 0x0000000709e00000, 0x000000070a000000|  0%| F|  |TAMS 0x0000000709e00000| PB 0x0000000709e00000| Untracked |  0
|  46|0x000000070a000000, 0x000000070a000000, 0x000000070a200000|  0%| F|  |TAMS 0x000000070a000000| PB 0x000000070a000000| Untracked |  0
|  47|0x000000070a200000, 0x000000070a200000, 0x000000070a400000|  0%| F|  |TAMS 0x000000070a200000| PB 0x000000070a200000| Untracked |  0
|  48|0x000000070a400000, 0x000000070a400000, 0x000000070a600000|  0%| F|  |TAMS 0x000000070a400000| PB 0x000000070a400000| Untracked |  0
|  49|0x000000070a600000, 0x000000070a600000, 0x000000070a800000|  0%| F|  |TAMS 0x000000070a600000| PB 0x000000070a600000| Untracked |  0
|  50|0x000000070a800000, 0x000000070a800000, 0x000000070aa00000|  0%| F|  |TAMS 0x000000070a800000| PB 0x000000070a800000| Untracked |  0
|  51|0x000000070aa00000, 0x000000070aa00000, 0x000000070ac00000|  0%| F|  |TAMS 0x000000070aa00000| PB 0x000000070aa00000| Untracked |  0
|  52|0x000000070ac00000, 0x000000070ac00000, 0x000000070ae00000|  0%| F|  |TAMS 0x000000070ac00000| PB 0x000000070ac00000| Untracked |  0
|  53|0x000000070ae00000, 0x000000070ae00000, 0x000000070b000000|  0%| F|  |TAMS 0x000000070ae00000| PB 0x000000070ae00000| Untracked |  0
|  54|0x000000070b000000, 0x000000070b000000, 0x000000070b200000|  0%| F|  |TAMS 0x000000070b000000| PB 0x000000070b000000| Untracked |  0
|  55|0x000000070b200000, 0x000000070b200000, 0x000000070b400000|  0%| F|  |TAMS 0x000000070b200000| PB 0x000000070b200000| Untracked |  0
|  56|0x000000070b400000, 0x000000070b400000, 0x000000070b600000|  0%| F|  |TAMS 0x000000070b400000| PB 0x000000070b400000| Untracked |  0
|  57|0x000000070b600000, 0x000000070b600000, 0x000000070b800000|  0%| F|  |TAMS 0x000000070b600000| PB 0x000000070b600000| Untracked |  0
|  58|0x000000070b800000, 0x000000070b800000, 0x000000070ba00000|  0%| F|  |TAMS 0x000000070b800000| PB 0x000000070b800000| Untracked |  0
|  59|0x000000070ba00000, 0x000000070ba00000, 0x000000070bc00000|  0%| F|  |TAMS 0x000000070ba00000| PB 0x000000070ba00000| Untracked |  0
|  60|0x000000070bc00000, 0x000000070bc00000, 0x000000070be00000|  0%| F|  |TAMS 0x000000070bc00000| PB 0x000000070bc00000| Untracked |  0
|  61|0x000000070be00000, 0x000000070be00000, 0x000000070c000000|  0%| F|  |TAMS 0x000000070be00000| PB 0x000000070be00000| Untracked |  0
|  62|0x000000070c000000, 0x000000070c000000, 0x000000070c200000|  0%| F|  |TAMS 0x000000070c000000| PB 0x000000070c000000| Untracked |  0
|  63|0x000000070c200000, 0x000000070c200000, 0x000000070c400000|  0%| F|  |TAMS 0x000000070c200000| PB 0x000000070c200000| Untracked |  0
|  64|0x000000070c400000, 0x000000070c400000, 0x000000070c600000|  0%| F|  |TAMS 0x000000070c400000| PB 0x000000070c400000| Untracked |  0
|  65|0x000000070c600000, 0x000000070c600000, 0x000000070c800000|  0%| F|  |TAMS 0x000000070c600000| PB 0x000000070c600000| Untracked |  0
|  66|0x000000070c800000, 0x000000070c800000, 0x000000070ca00000|  0%| F|  |TAMS 0x000000070c800000| PB 0x000000070c800000| Untracked |  0
|  67|0x000000070ca00000, 0x000000070ca00000, 0x000000070cc00000|  0%| F|  |TAMS 0x000000070ca00000| PB 0x000000070ca00000| Untracked |  0
|  68|0x000000070cc00000, 0x000000070cc00000, 0x000000070ce00000|  0%| F|  |TAMS 0x000000070cc00000| PB 0x000000070cc00000| Untracked |  0
|  69|0x000000070ce00000, 0x000000070ce00000, 0x000000070d000000|  0%| F|  |TAMS 0x000000070ce00000| PB 0x000000070ce00000| Untracked |  0
|  70|0x000000070d000000, 0x000000070d000000, 0x000000070d200000|  0%| F|  |TAMS 0x000000070d000000| PB 0x000000070d000000| Untracked |  0
|  71|0x000000070d200000, 0x000000070d200000, 0x000000070d400000|  0%| F|  |TAMS 0x000000070d200000| PB 0x000000070d200000| Untracked |  0
|  72|0x000000070d400000, 0x000000070d400000, 0x000000070d600000|  0%| F|  |TAMS 0x000000070d400000| PB 0x000000070d400000| Untracked |  0
|  73|0x000000070d600000, 0x000000070d600000, 0x000000070d800000|  0%| F|  |TAMS 0x000000070d600000| PB 0x000000070d600000| Untracked |  0
|  74|0x000000070d800000, 0x000000070d800000, 0x000000070da00000|  0%| F|  |TAMS 0x000000070d800000| PB 0x000000070d800000| Untracked |  0
|  75|0x000000070da00000, 0x000000070da00000, 0x000000070dc00000|  0%| F|  |TAMS 0x000000070da00000| PB 0x000000070da00000| Untracked |  0
|  76|0x000000070dc00000, 0x000000070dc00000, 0x000000070de00000|  0%| F|  |TAMS 0x000000070dc00000| PB 0x000000070dc00000| Untracked |  0
|  77|0x000000070de00000, 0x000000070de00000, 0x000000070e000000|  0%| F|  |TAMS 0x000000070de00000| PB 0x000000070de00000| Untracked |  0
|  78|0x000000070e000000, 0x000000070e000000, 0x000000070e200000|  0%| F|  |TAMS 0x000000070e000000| PB 0x000000070e000000| Untracked |  0
|  79|0x000000070e200000, 0x000000070e200000, 0x000000070e400000|  0%| F|  |TAMS 0x000000070e200000| PB 0x000000070e200000| Untracked |  0
|  80|0x000000070e400000, 0x000000070e400000, 0x000000070e600000|  0%| F|  |TAMS 0x000000070e400000| PB 0x000000070e400000| Untracked |  0
|  81|0x000000070e600000, 0x000000070e600000, 0x000000070e800000|  0%| F|  |TAMS 0x000000070e600000| PB 0x000000070e600000| Untracked |  0
|  82|0x000000070e800000, 0x000000070e800000, 0x000000070ea00000|  0%| F|  |TAMS 0x000000070e800000| PB 0x000000070e800000| Untracked |  0
|  83|0x000000070ea00000, 0x000000070ea00000, 0x000000070ec00000|  0%| F|  |TAMS 0x000000070ea00000| PB 0x000000070ea00000| Untracked |  0
|  84|0x000000070ec00000, 0x000000070ec00000, 0x000000070ee00000|  0%| F|  |TAMS 0x000000070ec00000| PB 0x000000070ec00000| Untracked |  0
|  85|0x000000070ee00000, 0x000000070ee00000, 0x000000070f000000|  0%| F|  |TAMS 0x000000070ee00000| PB 0x000000070ee00000| Untracked |  0
|  86|0x000000070f000000, 0x000000070f000000, 0x000000070f200000|  0%| F|  |TAMS 0x000000070f000000| PB 0x000000070f000000| Untracked |  0
|  87|0x000000070f200000, 0x000000070f200000, 0x000000070f400000|  0%| F|  |TAMS 0x000000070f200000| PB 0x000000070f200000| Untracked |  0
|  88|0x000000070f400000, 0x000000070f400000, 0x000000070f600000|  0%| F|  |TAMS 0x000000070f400000| PB 0x000000070f400000| Untracked |  0
|  89|0x000000070f600000, 0x000000070f600000, 0x000000070f800000|  0%| F|  |TAMS 0x000000070f600000| PB 0x000000070f600000| Untracked |  0
|  90|0x000000070f800000, 0x000000070f800000, 0x000000070fa00000|  0%| F|  |TAMS 0x000000070f800000| PB 0x000000070f800000| Untracked |  0
|  91|0x000000070fa00000, 0x000000070fa00000, 0x000000070fc00000|  0%| F|  |TAMS 0x000000070fa00000| PB 0x000000070fa00000| Untracked |  0
|  92|0x000000070fc00000, 0x000000070fc00000, 0x000000070fe00000|  0%| F|  |TAMS 0x000000070fc00000| PB 0x000000070fc00000| Untracked |  0
|  93|0x000000070fe00000, 0x000000070fe00000, 0x0000000710000000|  0%| F|  |TAMS 0x000000070fe00000| PB 0x000000070fe00000| Untracked |  0
|  94|0x0000000710000000, 0x0000000710000000, 0x0000000710200000|  0%| F|  |TAMS 0x0000000710000000| PB 0x0000000710000000| Untracked |  0
|  95|0x0000000710200000, 0x0000000710200000, 0x0000000710400000|  0%| F|  |TAMS 0x0000000710200000| PB 0x0000000710200000| Untracked |  0
|  96|0x0000000710400000, 0x0000000710400000, 0x0000000710600000|  0%| F|  |TAMS 0x0000000710400000| PB 0x0000000710400000| Untracked |  0
|  97|0x0000000710600000, 0x0000000710600000, 0x0000000710800000|  0%| F|  |TAMS 0x0000000710600000| PB 0x0000000710600000| Untracked |  0
|  98|0x0000000710800000, 0x0000000710800000, 0x0000000710a00000|  0%| F|  |TAMS 0x0000000710800000| PB 0x0000000710800000| Untracked |  0
|  99|0x0000000710a00000, 0x0000000710a00000, 0x0000000710c00000|  0%| F|  |TAMS 0x0000000710a00000| PB 0x0000000710a00000| Untracked |  0
| 100|0x0000000710c00000, 0x0000000710c00000, 0x0000000710e00000|  0%| F|  |TAMS 0x0000000710c00000| PB 0x0000000710c00000| Untracked |  0
| 101|0x0000000710e00000, 0x0000000710e00000, 0x0000000711000000|  0%| F|  |TAMS 0x0000000710e00000| PB 0x0000000710e00000| Untracked |  0
| 102|0x0000000711000000, 0x0000000711000000, 0x0000000711200000|  0%| F|  |TAMS 0x0000000711000000| PB 0x0000000711000000| Untracked |  0
| 103|0x0000000711200000, 0x0000000711200000, 0x0000000711400000|  0%| F|  |TAMS 0x0000000711200000| PB 0x0000000711200000| Untracked |  0
| 104|0x0000000711400000, 0x0000000711400000, 0x0000000711600000|  0%| F|  |TAMS 0x0000000711400000| PB 0x0000000711400000| Untracked |  0
| 105|0x0000000711600000, 0x0000000711600000, 0x0000000711800000|  0%| F|  |TAMS 0x0000000711600000| PB 0x0000000711600000| Untracked |  0
| 106|0x0000000711800000, 0x0000000711800000, 0x0000000711a00000|  0%| F|  |TAMS 0x0000000711800000| PB 0x0000000711800000| Untracked |  0
| 107|0x0000000711a00000, 0x0000000711a00000, 0x0000000711c00000|  0%| F|  |TAMS 0x0000000711a00000| PB 0x0000000711a00000| Untracked |  0
| 108|0x0000000711c00000, 0x0000000711cab930, 0x0000000711e00000| 33%| S|CS|TAMS 0x0000000711c00000| PB 0x0000000711c00000| Complete |  0
| 109|0x0000000711e00000, 0x0000000712000000, 0x0000000712000000|100%| S|CS|TAMS 0x0000000711e00000| PB 0x0000000711e00000| Complete |  0
| 110|0x0000000712000000, 0x0000000712000000, 0x0000000712200000|  0%| F|  |TAMS 0x0000000712000000| PB 0x0000000712000000| Untracked |  0
| 111|0x0000000712200000, 0x0000000712200000, 0x0000000712400000|  0%| F|  |TAMS 0x0000000712200000| PB 0x0000000712200000| Untracked |  0
| 112|0x0000000712400000, 0x0000000712400000, 0x0000000712600000|  0%| F|  |TAMS 0x0000000712400000| PB 0x0000000712400000| Untracked |  0
| 113|0x0000000712600000, 0x0000000712600000, 0x0000000712800000|  0%| F|  |TAMS 0x0000000712600000| PB 0x0000000712600000| Untracked |  0
| 114|0x0000000712800000, 0x0000000712800000, 0x0000000712a00000|  0%| F|  |TAMS 0x0000000712800000| PB 0x0000000712800000| Untracked |  0
| 115|0x0000000712a00000, 0x0000000712ba91e0, 0x0000000712c00000| 83%| E|  |TAMS 0x0000000712a00000| PB 0x0000000712a00000| Complete |  0
| 116|0x0000000712c00000, 0x0000000712e00000, 0x0000000712e00000|100%| E|CS|TAMS 0x0000000712c00000| PB 0x0000000712c00000| Complete |  0
| 117|0x0000000712e00000, 0x0000000713000000, 0x0000000713000000|100%| E|CS|TAMS 0x0000000712e00000| PB 0x0000000712e00000| Complete |  0
| 118|0x0000000713000000, 0x0000000713200000, 0x0000000713200000|100%| E|CS|TAMS 0x0000000713000000| PB 0x0000000713000000| Complete |  0
| 119|0x0000000713200000, 0x0000000713400000, 0x0000000713400000|100%| E|CS|TAMS 0x0000000713200000| PB 0x0000000713200000| Complete |  0
| 120|0x0000000713400000, 0x0000000713600000, 0x0000000713600000|100%| E|CS|TAMS 0x0000000713400000| PB 0x0000000713400000| Complete |  0
| 121|0x0000000713600000, 0x0000000713800000, 0x0000000713800000|100%| E|CS|TAMS 0x0000000713600000| PB 0x0000000713600000| Complete |  0
| 122|0x0000000713800000, 0x0000000713a00000, 0x0000000713a00000|100%| E|CS|TAMS 0x0000000713800000| PB 0x0000000713800000| Complete |  0
| 123|0x0000000713a00000, 0x0000000713c00000, 0x0000000713c00000|100%| E|CS|TAMS 0x0000000713a00000| PB 0x0000000713a00000| Complete |  0
| 124|0x0000000713c00000, 0x0000000713e00000, 0x0000000713e00000|100%| E|CS|TAMS 0x0000000713c00000| PB 0x0000000713c00000| Complete |  0
| 125|0x0000000713e00000, 0x0000000714000000, 0x0000000714000000|100%| E|CS|TAMS 0x0000000713e00000| PB 0x0000000713e00000| Complete |  0

Card table byte_map: [0x000002837afd0000,0x000002837b7b0000] _byte_map_base: 0x00000283777ae000

Marking Bits: (CMBitMap*) 0x000002837f74ff80
 Bits: [0x000002837b7b0000, 0x000002837f6a0000)

Polling page: 0x0000028379bc0000

Metaspace:

Usage:
  Non-class:     14.43 MB used.
      Class:      1.83 MB used.
       Both:     16.26 MB used.

Virtual space:
  Non-class space:       64.00 MB reserved,      14.50 MB ( 23%) committed,  1 nodes.
      Class space:        1.00 GB reserved,       1.88 MB ( <1%) committed,  1 nodes.
             Both:        1.06 GB reserved,      16.38 MB (  2%) committed. 

Chunk freelists:
   Non-Class:  1.05 MB
       Class:  14.12 MB
        Both:  15.17 MB

MaxMetaspaceSize: unlimited
CompressedClassSpaceSize: 1.00 GB
Initial GC threshold: 21.00 MB
Current GC threshold: 21.00 MB
CDS: on
 - commit_granule_bytes: 65536.
 - commit_granule_words: 8192.
 - virtual_space_node_default_size: 8388608.
 - enlarge_chunks_in_place: 1.
 - use_allocation_guard: 0.


Internal statistics:

num_allocs_failed_limit: 0.
num_arena_births: 108.
num_arena_deaths: 0.
num_vsnodes_births: 2.
num_vsnodes_deaths: 0.
num_space_committed: 262.
num_space_uncommitted: 0.
num_chunks_returned_to_freelist: 0.
num_chunks_taken_from_freelist: 533.
num_chunk_merges: 0.
num_chunk_splits: 404.
num_chunks_enlarged: 356.
num_inconsistent_stats: 0.

CodeHeap 'non-profiled nmethods': size=120000Kb used=1036Kb max_used=1036Kb free=118963Kb
 bounds [0x000002830fd50000, 0x000002830ffc0000, 0x0000028317280000]
CodeHeap 'profiled nmethods': size=120000Kb used=3436Kb max_used=3436Kb free=116563Kb
 bounds [0x0000028308280000, 0x00000283085e0000, 0x000002830f7b0000]
CodeHeap 'non-nmethods': size=5760Kb used=1591Kb max_used=1621Kb free=4168Kb
 bounds [0x000002830f7b0000, 0x000002830fa20000, 0x000002830fd50000]
 total_blobs=2391 nmethods=1868 adapters=428
 compilation: enabled
              stopped_count=0, restarted_count=0
 full_count=0

Compilation events (20 events):
Event: 1.733 Thread 0x00000283c103fc60 1856       3       java.util.concurrent.locks.ReentrantLock$NonfairSync::<init> (5 bytes)
Event: 1.733 Thread 0x00000283c103fc60 nmethod 1856 0x00000283085d8590 code [0x00000283085d8740, 0x00000283085d89c0]
Event: 1.734 Thread 0x00000283c12a0330 1858   !   4       java.io.WinNTFileSystem::isInvalid (78 bytes)
Event: 1.735 Thread 0x00000283c103cec0 nmethod 1857 0x000002830fe48190 code [0x000002830fe48340, 0x000002830fe48698]
Event: 1.736 Thread 0x00000283c12a0330 nmethod 1858 0x000002830fe48890 code [0x000002830fe48a20, 0x000002830fe48c80]
Event: 1.736 Thread 0x00000283c103fc60 1859       3       java.util.concurrent.atomic.AtomicReference::<init> (5 bytes)
Event: 1.736 Thread 0x00000283c103fc60 nmethod 1859 0x00000283085d8b10 code [0x00000283085d8ca0, 0x00000283085d8e08]
Event: 1.738 Thread 0x00000283c103cec0 1860       4       java.util.zip.Inflater::ensureOpen (47 bytes)
Event: 1.738 Thread 0x00000283c103cec0 nmethod 1860 0x000002830fe48e90 code [0x000002830fe49020, 0x000002830fe490f8]
Event: 1.744 Thread 0x00000283c103fc60 1861   !   3       java.util.regex.Pattern::RemoveQEQuoting (370 bytes)
Event: 1.745 Thread 0x00000283c103fc60 nmethod 1861 0x00000283085d8e90 code [0x00000283085d9160, 0x00000283085da2c8]
Event: 1.745 Thread 0x00000283c103fc60 1862       3       java.util.regex.Pattern$BitClass::<init> (14 bytes)
Event: 1.745 Thread 0x00000283c103fc60 nmethod 1862 0x00000283085daa10 code [0x00000283085dabc0, 0x00000283085dae28]
Event: 1.745 Thread 0x00000283c103fc60 1863       3       java.util.Calendar::internalSet (8 bytes)
Event: 1.746 Thread 0x00000283c103fc60 nmethod 1863 0x00000283085daf10 code [0x00000283085db0a0, 0x00000283085db1e0]
Event: 1.748 Thread 0x00000283c103cec0 1864 %     4       jdk.internal.loader.URLClassPath::findResource @ 3 (38 bytes)
Event: 1.753 Thread 0x00000283c1afed50 nmethod 1854 0x000002830fe49210 code [0x000002830fe496a0, 0x000002830fe4d870]
Event: 1.768 Thread 0x00000283c1afed50 1865 %     4       jdk.internal.loader.URLClassPath::getResource @ 39 (74 bytes)
Event: 1.768 Thread 0x00000283c12a0330 1866   !   4       java.io.WinNTFileSystem::getBooleanAttributes (27 bytes)
Event: 1.769 Thread 0x00000283c12a0330 nmethod 1866 0x000002830fe50290 code [0x000002830fe50420, 0x000002830fe50538]

GC Heap History (4 events):
Event: 0.956 GC heap before
{Heap before GC invocations=0 (full 0):
 garbage-first heap   total reserved 4124672K, committed 258048K, used 22528K [0x0000000704400000, 0x0000000800000000)
  region size 2048K, 12 young (24576K), 0 survivors (0K)
 Metaspace       used 4854K, committed 5056K, reserved 1114112K
  class space    used 541K, committed 640K, reserved 1048576K
}
Event: 0.961 GC heap after
{Heap after GC invocations=1 (full 0):
 garbage-first heap   total reserved 4124672K, committed 258048K, used 8042K [0x0000000704400000, 0x0000000800000000)
  region size 2048K, 2 young (4096K), 2 survivors (4096K)
 Metaspace       used 4854K, committed 5056K, reserved 1114112K
  class space    used 541K, committed 640K, reserved 1048576K
}
Event: 1.488 GC heap before
{Heap before GC invocations=1 (full 0):
 garbage-first heap   total reserved 4124672K, committed 258048K, used 36714K [0x0000000704400000, 0x0000000800000000)
  region size 2048K, 16 young (32768K), 2 survivors (4096K)
 Metaspace       used 11984K, committed 12160K, reserved 1114112K
  class space    used 1347K, committed 1408K, reserved 1048576K
}
Event: 1.492 GC heap after
{Heap after GC invocations=2 (full 0):
 garbage-first heap   total reserved 4124672K, committed 258048K, used 10710K [0x0000000704400000, 0x0000000800000000)
  region size 2048K, 2 young (4096K), 2 survivors (4096K)
 Metaspace       used 11984K, committed 12160K, reserved 1114112K
  class space    used 1347K, committed 1408K, reserved 1048576K
}

Dll operation events (11 events):
Event: 0.016 Loaded shared library C:\Users\v_ankit.sharma\.jdks\openjdk-22\bin\java.dll
Event: 0.052 Loaded shared library C:\Users\v_ankit.sharma\.jdks\openjdk-22\bin\jsvml.dll
Event: 0.163 Loaded shared library C:\Users\v_ankit.sharma\.jdks\openjdk-22\bin\zip.dll
Event: 0.167 Loaded shared library C:\Users\v_ankit.sharma\.jdks\openjdk-22\bin\instrument.dll
Event: 0.173 Loaded shared library C:\Users\v_ankit.sharma\.jdks\openjdk-22\bin\net.dll
Event: 0.175 Loaded shared library C:\Users\v_ankit.sharma\.jdks\openjdk-22\bin\nio.dll
Event: 0.179 Loaded shared library C:\Users\v_ankit.sharma\.jdks\openjdk-22\bin\zip.dll
Event: 0.188 Loaded shared library C:\Users\v_ankit.sharma\AppData\Local\JetBrains\IntelliJ IDEA Community Edition 2023.3.6\bin\breakgen64.dll
Event: 0.199 Loaded shared library C:\Users\v_ankit.sharma\.jdks\openjdk-22\bin\extnet.dll
Event: 0.200 Loaded shared library C:\Users\v_ankit.sharma\.jdks\openjdk-22\bin\jimage.dll
Event: 0.226 Loaded shared library C:\Users\v_ankit.sharma\.jdks\openjdk-22\bin\verify.dll

Deoptimization events (20 events):
Event: 1.596 Thread 0x0000028377b87700 Uncommon trap: trap_request=0xffffffde fr.pc=0x000002830fde8fc0 relative=0x0000000000000f60
Event: 1.596 Thread 0x0000028377b87700 Uncommon trap: reason=class_check action=maybe_recompile pc=0x000002830fde8fc0 method=java.util.HashMap.putVal(ILjava/lang/Object;Ljava/lang/Object;ZZ)Ljava/lang/Object; @ 91 c2
Event: 1.596 Thread 0x0000028377b87700 DEOPT PACKING pc=0x000002830fde8fc0 sp=0x000000c2ad7faec0
Event: 1.596 Thread 0x0000028377b87700 DEOPT UNPACKING pc=0x000002830f807da2 sp=0x000000c2ad7fae28 mode 2
Event: 1.596 Thread 0x0000028377b87700 Uncommon trap: trap_request=0xffffff45 fr.pc=0x000002830fdc9704 relative=0x00000000000003a4
Event: 1.596 Thread 0x0000028377b87700 Uncommon trap: reason=unstable_if action=reinterpret pc=0x000002830fdc9704 method=java.util.HashMap.getNode(Ljava/lang/Object;)Ljava/util/HashMap$Node; @ 66 c2
Event: 1.596 Thread 0x0000028377b87700 DEOPT PACKING pc=0x000002830fdc9704 sp=0x000000c2ad7faeb0
Event: 1.596 Thread 0x0000028377b87700 DEOPT UNPACKING pc=0x000002830f807da2 sp=0x000000c2ad7fae60 mode 2
Event: 1.596 Thread 0x0000028377b87700 Uncommon trap: trap_request=0xffffffde fr.pc=0x000002830fde8fc0 relative=0x0000000000000f60
Event: 1.596 Thread 0x0000028377b87700 Uncommon trap: reason=class_check action=maybe_recompile pc=0x000002830fde8fc0 method=java.util.HashMap.putVal(ILjava/lang/Object;Ljava/lang/Object;ZZ)Ljava/lang/Object; @ 91 c2
Event: 1.596 Thread 0x0000028377b87700 DEOPT PACKING pc=0x000002830fde8fc0 sp=0x000000c2ad7faec0
Event: 1.596 Thread 0x0000028377b87700 DEOPT UNPACKING pc=0x000002830f807da2 sp=0x000000c2ad7fae28 mode 2
Event: 1.600 Thread 0x0000028377b87700 Uncommon trap: trap_request=0xffffffde fr.pc=0x000002830fde9058 relative=0x0000000000000ff8
Event: 1.600 Thread 0x0000028377b87700 Uncommon trap: reason=class_check action=maybe_recompile pc=0x000002830fde9058 method=java.util.HashMap.putVal(ILjava/lang/Object;Ljava/lang/Object;ZZ)Ljava/lang/Object; @ 203 c2
Event: 1.600 Thread 0x0000028377b87700 DEOPT PACKING pc=0x000002830fde9058 sp=0x000000c2ad7faea0
Event: 1.600 Thread 0x0000028377b87700 DEOPT UNPACKING pc=0x000002830f807da2 sp=0x000000c2ad7fae08 mode 2
Event: 1.600 Thread 0x0000028377b87700 Uncommon trap: trap_request=0xffffffde fr.pc=0x000002830fde8fc0 relative=0x0000000000000f60
Event: 1.600 Thread 0x0000028377b87700 Uncommon trap: reason=class_check action=maybe_recompile pc=0x000002830fde8fc0 method=java.util.HashMap.putVal(ILjava/lang/Object;Ljava/lang/Object;ZZ)Ljava/lang/Object; @ 91 c2
Event: 1.600 Thread 0x0000028377b87700 DEOPT PACKING pc=0x000002830fde8fc0 sp=0x000000c2ad7faea0
Event: 1.600 Thread 0x0000028377b87700 DEOPT UNPACKING pc=0x000002830f807da2 sp=0x000000c2ad7fae08 mode 2

Classes loaded (20 events):
Event: 1.618 Loading class java/lang/EnumCustomizer
Event: 1.618 Loading class java/lang/EnumCustomizer done
Event: 1.618 Loading class sun/reflect/generics/tree/IntSignature
Event: 1.618 Loading class sun/reflect/generics/tree/IntSignature done
Event: 1.618 Loading class java/lang/Enum$EnumDesc
Event: 1.618 Loading class java/lang/constant/DynamicConstantDesc
Event: 1.619 Loading class java/lang/constant/DynamicConstantDesc done
Event: 1.619 Loading class java/lang/Enum$EnumDesc done
Event: 1.620 Loading class java/util/Hashtable$EntrySet
Event: 1.620 Loading class java/util/Hashtable$EntrySet done
Event: 1.624 Loading class java/util/LinkedList$ListItr
Event: 1.624 Loading class java/util/LinkedList$ListItr done
Event: 1.639 Loading class sun/reflect/generics/tree/BooleanSignature
Event: 1.639 Loading class sun/reflect/generics/tree/BooleanSignature done
Event: 1.652 Loading class java/util/concurrent/LinkedBlockingQueue
Event: 1.652 Loading class java/util/concurrent/BlockingQueue
Event: 1.652 Loading class java/util/concurrent/BlockingQueue done
Event: 1.652 Loading class java/util/concurrent/LinkedBlockingQueue done
Event: 1.652 Loading class java/util/concurrent/LinkedBlockingQueue$Node
Event: 1.652 Loading class java/util/concurrent/LinkedBlockingQueue$Node done

Classes unloaded (0 events):
No events

Classes redefined (0 events):
No events

Internal exceptions (20 events):
Event: 0.870 Thread 0x0000028377b87700 Exception <a 'java/lang/NoSuchMethodError'{0x0000000712afbb78}: 'java.lang.Object java.lang.invoke.DirectMethodHandle$Holder.invokeSpecial(java.lang.Object, java.lang.Object, int, java.lang.Object, java.lang.Object)'> (0x0000000712afbb78) 
thrown [s\open\src\hotspot\share\interpreter\linkResolver.cpp, line 774]
Event: 0.870 Thread 0x0000028377b87700 Exception <a 'java/lang/NoSuchMethodError'{0x0000000712b036b8}: 'java.lang.Object java.lang.invoke.DirectMethodHandle$Holder.newInvokeSpecial(java.lang.Object, java.lang.Object, int, java.lang.Object)'> (0x0000000712b036b8) 
thrown [s\open\src\hotspot\share\interpreter\linkResolver.cpp, line 774]
Event: 0.871 Thread 0x0000028377b87700 Exception <a 'java/lang/NoSuchMethodError'{0x0000000712b07ba0}: 'java.lang.Object java.lang.invoke.DirectMethodHandle$Holder.invokeSpecial(java.lang.Object, java.lang.Object, java.lang.Object, int, java.lang.Object)'> (0x0000000712b07ba0) 
thrown [s\open\src\hotspot\share\interpreter\linkResolver.cpp, line 774]
Event: 0.947 Thread 0x0000028377b87700 Exception <a 'sun/nio/fs/WindowsException'{0x0000000712986370}> (0x0000000712986370) 
thrown [s\open\src\hotspot\share\prims\jni.cpp, line 520]
Event: 1.216 Thread 0x0000028377b87700 Exception <a 'java/lang/NoSuchMethodError'{0x0000000712faed10}: 'void java.lang.invoke.DirectMethodHandle$Holder.invokeVirtual(java.lang.Object, java.lang.Object, java.lang.Object, java.lang.Object)'> (0x0000000712faed10) 
thrown [s\open\src\hotspot\share\interpreter\linkResolver.cpp, line 774]
Event: 1.219 Thread 0x0000028377b87700 Exception <a 'sun/nio/fs/WindowsException'{0x0000000712fccc80}> (0x0000000712fccc80) 
thrown [s\open\src\hotspot\share\prims\jni.cpp, line 520]
Event: 1.347 Thread 0x0000028377b87700 Exception <a 'java/lang/NoSuchMethodError'{0x00000007122670e0}: 'java.lang.Object java.lang.invoke.DirectMethodHandle$Holder.invokeStaticInit(java.lang.Object, java.lang.Object, java.lang.Object)'> (0x00000007122670e0) 
thrown [s\open\src\hotspot\share\interpreter\linkResolver.cpp, line 774]
Event: 1.519 Thread 0x0000028377b87700 Exception <a 'java/lang/NoSuchMethodError'{0x0000000713ef3528}: 'void java.lang.invoke.Invokers$Holder.invokeExact_MT(java.lang.Object, java.lang.Object, java.lang.Object, java.lang.Object)'> (0x0000000713ef3528) 
thrown [s\open\src\hotspot\share\interpreter\linkResolver.cpp, line 774]
Event: 1.612 Thread 0x0000028377b87700 Exception <a 'java/lang/ClassNotFoundException'{0x0000000713b3c050}: com/aventstack/extentreports/StatusBeanInfo> (0x0000000713b3c050) 
thrown [s\open\src\hotspot\share\classfile\systemDictionary.cpp, line 313]
Event: 1.612 Thread 0x0000028377b87700 Exception <a 'java/lang/ClassNotFoundException'{0x0000000713b3cda8}: java/lang/EnumBeanInfo> (0x0000000713b3cda8) 
thrown [s\open\src\hotspot\share\classfile\systemDictionary.cpp, line 313]
Event: 1.612 Thread 0x0000028377b87700 Exception <a 'java/lang/ClassNotFoundException'{0x0000000713b3dd38}: java/lang/ObjectBeanInfo> (0x0000000713b3dd38) 
thrown [s\open\src\hotspot\share\classfile\systemDictionary.cpp, line 313]
Event: 1.613 Thread 0x0000028377b87700 Exception <a 'java/lang/ClassNotFoundException'{0x0000000713b3f0f8}: java/lang/ObjectCustomizer> (0x0000000713b3f0f8) 
thrown [s\open\src\hotspot\share\classfile\systemDictionary.cpp, line 313]
Event: 1.618 Thread 0x0000028377b87700 Exception <a 'java/lang/ClassNotFoundException'{0x0000000713b4d8b8}: java/lang/EnumCustomizer> (0x0000000713b4d8b8) 
thrown [s\open\src\hotspot\share\classfile\systemDictionary.cpp, line 313]
Event: 1.621 Thread 0x0000028377b87700 Exception <a 'java/lang/ClassNotFoundException'{0x0000000713b5e830}: com/aventstack/extentreports/StatusCustomizer> (0x0000000713b5e830) 
thrown [s\open\src\hotspot\share\classfile\systemDictionary.cpp, line 313]
Event: 1.631 Thread 0x0000028377b87700 Exception <a 'java/lang/ClassNotFoundException'{0x0000000713bdab60}: com/aventstack/extentreports/view/IcoBeanInfo> (0x0000000713bdab60) 
thrown [s\open\src\hotspot\share\classfile\systemDictionary.cpp, line 313]
Event: 1.632 Thread 0x0000028377b87700 Exception <a 'java/lang/ClassNotFoundException'{0x0000000713bde360}: com/aventstack/extentreports/view/IcoCustomizer> (0x0000000713bde360) 
thrown [s\open\src\hotspot\share\classfile\systemDictionary.cpp, line 313]
Event: 1.638 Thread 0x0000028377b87700 Exception <a 'java/lang/ClassNotFoundException'{0x0000000713834678}: com/aventstack/extentreports/model/service/TestServiceBeanInfo> (0x0000000713834678) 
thrown [s\open\src\hotspot\share\classfile\systemDictionary.cpp, line 313]
Event: 1.638 Thread 0x0000028377b87700 Exception <a 'java/lang/ClassNotFoundException'{0x0000000713838300}: com/aventstack/extentreports/model/service/TestServiceCustomizer> (0x0000000713838300) 
thrown [s\open\src\hotspot\share\classfile\systemDictionary.cpp, line 313]
Event: 1.645 Thread 0x0000028377b87700 Exception <a 'java/lang/NoSuchMethodError'{0x0000000713893e78}: 'void java.lang.invoke.DirectMethodHandle$Holder.invokeStaticInit(java.lang.Object, java.lang.Object, java.lang.Object)'> (0x0000000713893e78) 
thrown [s\open\src\hotspot\share\interpreter\linkResolver.cpp, line 774]
Event: 1.653 Thread 0x0000028377b87700 Exception <a 'java/lang/NoClassDefFoundError'{0x00000007138ee960}: org/slf4j/impl/StaticLoggerBinder> (0x00000007138ee960) 
thrown [s\open\src\hotspot\share\classfile\systemDictionary.cpp, line 302]

ZGC Phase Switch (0 events):
No events

VM Operations (20 events):
Event: 0.943 Executing VM operation: HandshakeAllThreads (Deoptimize)
Event: 0.943 Executing VM operation: HandshakeAllThreads (Deoptimize) done
Event: 0.947 Executing VM operation: HandshakeAllThreads (Deoptimize)
Event: 0.947 Executing VM operation: HandshakeAllThreads (Deoptimize) done
Event: 0.956 Executing VM operation: G1CollectForAllocation (G1 Evacuation Pause)
Event: 0.961 Executing VM operation: G1CollectForAllocation (G1 Evacuation Pause) done
Event: 0.986 Executing VM operation: HandshakeAllThreads (Deoptimize)
Event: 0.986 Executing VM operation: HandshakeAllThreads (Deoptimize) done
Event: 0.990 Executing VM operation: HandshakeAllThreads (Deoptimize)
Event: 0.991 Executing VM operation: HandshakeAllThreads (Deoptimize) done
Event: 1.073 Executing VM operation: HandshakeAllThreads (Deoptimize)
Event: 1.073 Executing VM operation: HandshakeAllThreads (Deoptimize) done
Event: 1.225 Executing VM operation: HandshakeAllThreads (Deoptimize)
Event: 1.225 Executing VM operation: HandshakeAllThreads (Deoptimize) done
Event: 1.486 Executing VM operation: HandshakeAllThreads (Deoptimize)
Event: 1.486 Executing VM operation: HandshakeAllThreads (Deoptimize) done
Event: 1.488 Executing VM operation: G1CollectForAllocation (G1 Evacuation Pause)
Event: 1.492 Executing VM operation: G1CollectForAllocation (G1 Evacuation Pause) done
Event: 1.543 Executing VM operation: HandshakeAllThreads (Deoptimize)
Event: 1.543 Executing VM operation: HandshakeAllThreads (Deoptimize) done

Events (14 events):
Event: 0.031 Thread 0x0000028377b87700 Thread added: 0x0000028377b87700
Event: 0.048 Thread 0x00000283c10297f0 Thread added: 0x00000283c10297f0
Event: 0.048 Thread 0x00000283c102a400 Thread added: 0x00000283c102a400
Event: 0.049 Thread 0x00000283c102fdc0 Thread added: 0x00000283c102fdc0
Event: 0.049 Thread 0x00000283c10309d0 Thread added: 0x00000283c10309d0
Event: 0.049 Thread 0x00000283c1031710 Thread added: 0x00000283c1031710
Event: 0.049 Thread 0x00000283c103a360 Thread added: 0x00000283c103a360
Event: 0.049 Thread 0x00000283c103cec0 Thread added: 0x00000283c103cec0
Event: 0.050 Thread 0x00000283c103fc60 Thread added: 0x00000283c103fc60
Event: 0.139 Thread 0x000002837f918db0 Thread added: 0x000002837f918db0
Event: 0.155 Thread 0x00000283c12a0330 Thread added: 0x00000283c12a0330
Event: 0.189 Thread 0x00000283c12df270 Thread added: 0x00000283c12df270
Event: 0.195 Thread 0x00000283c12e0060 Thread added: 0x00000283c12e0060
Event: 0.484 Thread 0x00000283c1afed50 Thread added: 0x00000283c1afed50


Dynamic libraries:
0x00007ff74c780000 - 0x00007ff74c78e000 	C:\Users\v_ankit.sharma\.jdks\openjdk-22\bin\java.exe
0x00000283780d0000 - 0x00000283782e7000 	C:\Windows\SYSTEM32\ntd1l.dll
0x00000283782f0000 - 0x00000283783b4000 	C:\Windows\System32\kern3l32.dll
0x00007fff56670000 - 0x00007fff56887000 	C:\Windows\SYSTEM32\ntdll.dll
0x00007fff548a0000 - 0x00007fff54964000 	C:\Windows\System32\KERNEL32.DLL
0x00007fff54020000 - 0x00007fff543c6000 	C:\Windows\System32\KERNELBASE.dll
0x00007fff51e60000 - 0x00007fff5218a000 	C:\Program Files\SentinelOne\Sentinel Agent 23.3.3.264\InProcessClient64.dll
0x00007fff55660000 - 0x00007fff55710000 	C:\Windows\System32\ADVAPI32.dll
0x00007fff54520000 - 0x00007fff545c7000 	C:\Windows\System32\msvcrt.dll
0x00007fff545d0000 - 0x00007fff54676000 	C:\Windows\System32\sechost.dll
0x00007fff55710000 - 0x00007fff55827000 	C:\Windows\System32\RPCRT4.dll
0x00007fff539f0000 - 0x00007fff53b01000 	C:\Windows\System32\ucrtbase.dll
0x00007fff49af0000 - 0x00007fff49b0b000 	C:\Users\v_ankit.sharma\.jdks\openjdk-22\bin\VCRUNTIME140.dll
0x00007fff484b0000 - 0x00007fff484c7000 	C:\Users\v_ankit.sharma\.jdks\openjdk-22\bin\jli.dll
0x00007fff56410000 - 0x00007fff565bd000 	C:\Windows\System32\USER32.dll
0x00007fff30420000 - 0x00007fff306b3000 	C:\Windows\WinSxS\amd64_microsoft.windows.common-controls_6595b64144ccf1df_6.0.22621.2361_none_2712ced57382f843\COMCTL32.dll
0x00007fff53e30000 - 0x00007fff53e56000 	C:\Windows\System32\win32u.dll
0x00007fff55970000 - 0x00007fff55999000 	C:\Windows\System32\GDI32.dll
0x00007fff53f00000 - 0x00007fff54018000 	C:\Windows\System32\gdi32full.dll
0x00007fff53e60000 - 0x00007fff53efa000 	C:\Windows\System32\msvcp_win.dll
0x00007fff51e50000 - 0x00007fff51e5a000 	C:\Windows\SYSTEM32\VERSION.dll
0x00007fff51e40000 - 0x00007fff51e4b000 	C:\Windows\SYSTEM32\FLTLIB.DLL
0x00007fff55550000 - 0x00007fff55581000 	C:\Windows\System32\IMM32.DLL
0x00007fff4d2c0000 - 0x00007fff4d2cc000 	C:\Users\v_ankit.sharma\.jdks\openjdk-22\bin\vcruntime140_1.dll
0x00007fff200e0000 - 0x00007fff2016e000 	C:\Users\v_ankit.sharma\.jdks\openjdk-22\bin\msvcp140.dll
0x00007ffee7600000 - 0x00007ffee8348000 	C:\Users\v_ankit.sharma\.jdks\openjdk-22\bin\server\jvm.dll
0x00007fff54680000 - 0x00007fff546f1000 	C:\Windows\System32\WS2_32.dll
0x00007fff52750000 - 0x00007fff5279d000 	C:\Windows\SYSTEM32\POWRPROF.dll
0x00007fff50da0000 - 0x00007fff50dd4000 	C:\Windows\SYSTEM32\WINMM.dll
0x00007fff52730000 - 0x00007fff52743000 	C:\Windows\SYSTEM32\UMPDC.dll
0x00007fff52990000 - 0x00007fff529a8000 	C:\Windows\SYSTEM32\kernel.appcore.dll
0x00007fff49bd0000 - 0x00007fff49bda000 	C:\Users\v_ankit.sharma\.jdks\openjdk-22\bin\jimage.dll
0x00007fff509f0000 - 0x00007fff50c1e000 	C:\Windows\SYSTEM32\DBGHELP.DLL
0x00007fff551b0000 - 0x00007fff5553a000 	C:\Windows\System32\combase.dll
0x00007fff54a70000 - 0x00007fff54b47000 	C:\Windows\System32\OLEAUT32.dll
0x00007fff50990000 - 0x00007fff509c2000 	C:\Windows\SYSTEM32\dbgcore.DLL
0x00007fff53cf0000 - 0x00007fff53d6a000 	C:\Windows\System32\bcryptPrimitives.dll
0x00007fff48470000 - 0x00007fff4847f000 	C:\Users\v_ankit.sharma\.jdks\openjdk-22\bin\instrument.dll
0x00007fff48480000 - 0x00007fff4849e000 	C:\Users\v_ankit.sharma\.jdks\openjdk-22\bin\java.dll
0x00007fff55bb0000 - 0x00007fff56408000 	C:\Windows\System32\SHELL32.dll
0x00007fff55000000 - 0x00007fff5519f000 	C:\Windows\System32\ole32.dll
0x00007fff308c0000 - 0x00007fff3096d000 	C:\Program Files\SentinelOne\Sentinel Agent 23.3.3.264\SentinelJava64.dll
0x00007fff565c0000 - 0x00007fff5661e000 	C:\Windows\System32\SHLWAPI.dll
0x00007fff512f0000 - 0x00007fff51be2000 	C:\Windows\SYSTEM32\windows.storage.dll
0x00007fff511b0000 - 0x00007fff512ee000 	C:\Windows\SYSTEM32\wintypes.dll
0x00007fff547a0000 - 0x00007fff54893000 	C:\Windows\System32\SHCORE.dll
0x00007fff53920000 - 0x00007fff53946000 	C:\Windows\SYSTEM32\profapi.dll
0x00007fff20000000 - 0x00007fff200d7000 	C:\Users\v_ankit.sharma\.jdks\openjdk-22\bin\jsvml.dll
0x00007fff48410000 - 0x00007fff48427000 	C:\Users\v_ankit.sharma\.jdks\openjdk-22\bin\zip.dll
0x00007fff49ae0000 - 0x00007fff49af0000 	C:\Users\v_ankit.sharma\.jdks\openjdk-22\bin\net.dll
0x00007fff52fa0000 - 0x00007fff53009000 	C:\Windows\system32\mswsock.dll
0x00007fff48430000 - 0x00007fff48446000 	C:\Users\v_ankit.sharma\.jdks\openjdk-22\bin\nio.dll
0x00007fff39730000 - 0x00007fff3974a000 	C:\Users\v_ankit.sharma\AppData\Local\JetBrains\IntelliJ IDEA Community Edition 2023.3.6\bin\breakgen64.dll
0x00007fff48390000 - 0x00007fff48399000 	C:\Users\v_ankit.sharma\.jdks\openjdk-22\bin\extnet.dll
0x00007fff462f0000 - 0x00007fff46300000 	C:\Users\v_ankit.sharma\.jdks\openjdk-22\bin\verify.dll
0x00007fff53270000 - 0x00007fff5328b000 	C:\Windows\SYSTEM32\CRYPTSP.dll
0x00007fff52950000 - 0x00007fff52985000 	C:\Windows\system32\rsaenh.dll
0x00007fff53040000 - 0x00007fff5306c000 	C:\Windows\SYSTEM32\USERENV.dll
0x00007fff533b0000 - 0x00007fff533d8000 	C:\Windows\SYSTEM32\bcrypt.dll
0x00007fff53250000 - 0x00007fff5325c000 	C:\Windows\SYSTEM32\CRYPTBASE.dll
0x00007fff52190000 - 0x00007fff521bd000 	C:\Windows\SYSTEM32\IPHLPAPI.DLL
0x00007fff55540000 - 0x00007fff55549000 	C:\Windows\System32\NSI.dll

dbghelp: loaded successfully - version: 4.0.5 - missing functions: none
symbol engine: initialized successfully - sym options: 0x614 - pdb path: .;C:\Users\v_ankit.sharma\.jdks\openjdk-22\bin;C:\Windows\SYSTEM32;C:\Program Files\SentinelOne\Sentinel Agent 23.3.3.264;C:\Windows\WinSxS\amd64_microsoft.windows.common-controls_6595b64144ccf1df_6.0.22621.2361_none_2712ced57382f843;C:\Users\v_ankit.sharma\.jdks\openjdk-22\bin\server;C:\Users\v_ankit.sharma\AppData\Local\JetBrains\IntelliJ IDEA Community Edition 2023.3.6\bin

VM Arguments:
jvm_args: -ea -DnodeNamesHandler=org.jetbrains.plugins.cucumber.java.run.CucumberTestTreeNodeManager -Didea.test.cyclic.buffer.size=1048576 -javaagent:C:\Users\v_ankit.sharma\AppData\Local\JetBrains\IntelliJ IDEA Community Edition 2023.3.6\lib\idea_rt.jar=57460:C:\Users\v_ankit.sharma\AppData\Local\JetBrains\IntelliJ IDEA Community Edition 2023.3.6\bin -Dfile.encoding=UTF-8 -Dsun.stdout.encoding=UTF-8 -Dsun.stderr.encoding=UTF-8 -agentpath:C:\Program Files\SentinelOne\Sentinel Agent 23.3.3.264\SentinelJava64.dll=extendedCapabilities 
java_command: com.intellij.rt.junit.JUnitStarter -ideVersion5 -junit4 Runner.runner
java_class_path (initial): C:\Users\v_ankit.sharma\AppData\Local\JetBrains\IntelliJ IDEA Community Edition 2023.3.6\lib\idea_rt.jar;C:\Users\v_ankit.sharma\AppData\Local\JetBrains\IntelliJ IDEA Community Edition 2023.3.6\plugins\junit\lib\junit5-rt.jar;C:\Users\v_ankit.sharma\AppData\Local\JetBrains\IntelliJ IDEA Community Edition 2023.3.6\plugins\junit\lib\junit-rt.jar;C:\Users\v_ankit.sharma\Downloads\erp-flow-checker-QA-3-cash_and_carry_portal\SF_Op53_43\target\test-classes;C:\Users\v_ankit.sharma\Downloads\erp-flow-checker-QA-3-cash_and_carry_portal\SF_Op53_43\target\classes;C:\Users\v_ankit.sharma\.m2\repository\io\cucumber\cucumber-java\7.15.0\cucumber-java-7.15.0.jar;C:\Users\v_ankit.sharma\.m2\repository\io\cucumber\cucumber-core\7.15.0\cucumber-core-7.15.0.jar;C:\Users\v_ankit.sharma\.m2\repository\io\cucumber\cucumber-gherkin\7.15.0\cucumber-gherkin-7.15.0.jar;C:\Users\v_ankit.sharma\.m2\repository\io\cucumber\cucumber-gherkin-messages\7.15.0\cucumber-gherkin-messages-7.15.0.jar;C:\Users\v_ankit.sharma\.m2\repository\io\cucumber\tag-expressions\6.0.0\tag-expressions-6.0.0.jar;C:\Users\v_ankit.sharma\.m2\repository\io\cucumber\cucumber-expressions\17.0.1\cucumber-expressions-17.0.1.jar;C:\Users\v_ankit.sharma\.m2\repository\io\cucumber\datatable\7.15.0\datatable-7.15.0.jar;C:\Users\v_ankit.sharma\.m2\repository\io\cucumber\cucumber-plugin\7.15.0\cucumber-plugin-7.15.0.jar;C:\Users\v_ankit.sharma\.m2\repository\io\cucumber\docstring\7.15.0\docstring-7.15.0.jar;C:\Users\v_ankit.sharma\.m2\repository\io\cucumber\html-formatter\20.4.0\html-formatter-20.4.0.jar;C:\Users\v_ankit.sharma\.m2\repository\io\cucumber\junit-xml-formatter\0.2.0\junit-xml-formatter-0.2.0.jar;C:\Users\v_ankit.sharma\.m2\repository\io\cucumber\ci-environment\10.0.0\ci-environment-10.0.0.jar;C:\Users\v_ankit.sharma\.m2\repository\org\apiguardian\apiguardian-api\1.1.2\apiguardian-api-1.1.2.jar;C:\Users\v_ankit.sharma\.m2\repository\io\cucumber\cucumber-junit\7.15.0\cucumber-junit-7.15.0.jar;C:\Users\v_ankit.sharma\.m2\repository\junit\junit\4.13.2\junit-4.13.2.jar;C:\Users\v_ankit.sharma\.m2\repository\org\hamcrest\hamcrest-core\1.3\hamcrest-core-1.3.jar;C:\Users\v_ankit.sharma\.m2\repository\org\seleniumhq\selenium\selenium-java\4.18.1\selenium-java-4.18.1.jar;C:\Users\v_ankit.sharma\.m2\repository\org\seleniumhq\selenium\selenium-api\4.18.1\selenium-api-4.18.1.jar;C:\Users\v_ankit.sharma\.m2\repository\org\seleniumhq\selenium\selenium-chrome-driver\4.18.1\selenium-chrome-driver-4.18.1.jar;C:\Users\v_ankit.sharma\.m2\repository\com\google\auto\service\auto-service-annotations\1.1.1\auto-service-annotations-1.1.1.jar;C:\Users\v_ankit.sharma\.m2\repository\org\seleniumhq\selenium\selenium-chromium-driver\4.18.1\selenium-chromium-driver-4.18.1.jar;C:\Users\v_ankit.sharma\.m2\repository\org\seleniumhq\selenium\selenium-json\4.18.1\selenium-json-4.18.1.jar;C:\Users\v_ankit.sharma\.m2\repository\org\seleniumhq\selenium\selenium-manager\4.18.1\selenium-manager-4.18.1.jar;C:\Users\v_ankit.sharma\.m2\repository\org\seleniumhq\selenium\selenium-devtools-v120\4.18.1\selenium-devtools-v120-4.18.1.jar;C:\Users\v_ankit.sharma\.m2\repository\org\seleniumhq\selenium\selenium-devtools-v121\4.18.1\selenium-devtools-v121-4.18.1.jar;C:\Users\v_ankit.sharma\.m2\repository\org\seleniumhq\selenium\selenium-devtools-v122\4.18.1\selenium-devtools-v122-4.18.1.jar;C:\Users\v_ankit.sharma\.m2\repository\org\seleniumhq\selenium\selenium-devtools-v85\4.18.1\selenium-devtools-v85-4.18.1.jar;C:\Users\v_ankit.sharma\.m2\repository\org\seleniumhq\selenium\selenium-edge-driver\4.18.1\selenium-edge-driver-4.18.1.jar;C:\Users\v_ankit.sharma\.m2\repository\org\seleniumhq\selenium\selenium-firefox-driver\4.18.1\selenium-firefox-driver-4.18.1.jar;C:\Users\v_ankit.sharma\.m2\repository\org\seleniumhq\selenium\selenium-http\4.18.1\selenium-http-4.18.1.jar;C:\Users\v_ankit.sharma\.m2\repository\dev\failsafe\failsafe\3.3.2\failsafe-3.3.2.jar;C:\Users\v_ankit.sharma\.m2\repository\org\seleniumhq\selenium\selenium-ie-driver\4.18.1\selenium-ie-driver-4.18.1.jar;C:\Users\v_ankit.sharma\.m2\repository\org\seleniumhq\selenium\selenium-remote-driver\4.18.1\selenium-remote-driver-4.18.1.jar;C:\Users\v_ankit.sharma\.m2\repository\com\google\guava\guava\33.0.0-jre\guava-33.0.0-jre.jar;C:\Users\v_ankit.sharma\.m2\repository\com\google\guava\failureaccess\1.0.2\failureaccess-1.0.2.jar;C:\Users\v_ankit.sharma\.m2\repository\com\google\guava\listenablefuture\9999.0-empty-to-avoid-conflict-with-guava\listenablefuture-9999.0-empty-to-avoid-conflict-with-guava.jar;C:\Users\v_ankit.sharma\.m2\repository\com\google\code\findbugs\jsr305\3.0.2\jsr305-3.0.2.jar;C:\Users\v_ankit.sharma\.m2\repository\org\checkerframework\checker-qual\3.41.0\checker-qual-3.41.0.jar;C:\Users\v_ankit.sharma\.m2\repository\com\google\errorprone\error_prone_annotations\2.23.0\error_prone_annotations-2.23.0.jar;C:\Users\v_ankit.sharma\.m2\repository\com\google\j2objc\j2objc-annotations\2.8\j2objc-annotations-2.8.jar;C:\Users\v_ankit.sharma\.m2\repository\io\opentelemetry\semconv\opentelemetry-semconv\1.23.1-alpha\opentelemetry-semconv-1.23.1-alpha.jar;C:\Users\v_ankit.sharma\.m2\repository\io\opentelemetry\opentelemetry-api\1.35.0\opentelemetry-api-1.35.0.jar;C:\Users\v_ankit.sharma\.m2\repository\io\opentelemetry\opentelemetry-context\1.35.0\opentelemetry-context-1.35.0.jar;C:\Users\v_ankit.sharma\.m2\repository\io\opentelemetry\opentelemetry-exporter-logging\1.35.0\opentelemetry-exporter-logging-1.35.0.jar;C:\Users\v_ankit.sharma\.m2\repository\io\opentelemetry\opentelemetry-sdk-common\1.35.0\opentelemetry-sdk-common-1.35.0.jar;C:\Users\v_ankit.sharma\.m2\repository\io\opentelemetry\opentelemetry-sdk-extension-autoconfigure-spi\1.35.0\opentelemetry-sdk-extension-autoconfigure-spi-1.35.0.jar;C:\Users\v_ankit.sharma\.m2\repository\io\opentelemetry\opentelemetry-sdk-extension-autoconfigure\1.35.0\opentelemetry-sdk-extension-autoconfigure-1.35.0.jar;C:\Users\v_ankit.sharma\.m2\repository\io\opentelemetry\opentelemetry-api-events\1.35.0-alpha\opentelemetry-api-events-1.35.0-alpha.jar;C:\Users\v_ankit.sharma\.m2\repository\io\opentelemetry\opentelemetry-sdk-trace\1.35.0\opentelemetry-sdk-trace-1.35.0.jar;C:\Users\v_ankit.sharma\.m2\repository\io\opentelemetry\opentelemetry-extension-incubator\1.35.0-alpha\opentelemetry-extension-incubator-1.35.0-alpha.jar;C:\Users\v_ankit.sharma\.m2\repository\io\opentelemetry\opentelemetry-sdk\1.35.0\opentelemetry-sdk-1.35.0.jar;C:\Users\v_ankit.sharma\.m2\repository\io\opentelemetry\opentelemetry-sdk-metrics\1.35.0\opentelemetry-sdk-metrics-1.35.0.jar;C:\Users\v_ankit.sharma\.m2\repository\io\opentelemetry\opentelemetry-sdk-logs\1.35.0\opentelemetry-sdk-logs-1.35.0.jar;C:\Users\v_ankit.sharma\.m2\repository\net\bytebuddy\byte-buddy\1.14.12\byte-buddy-1.14.12.jar;C:\Users\v_ankit.sharma\.m2\repository\org\seleniumhq\selenium\selenium-os\4.18.1\selenium-os-4.18.1.jar;C:\Users\v_ankit.sharma\.m2\repository\org\apache\commons\commons-exec\1.3\commons-exec-1.3.jar;C:\Users\v_ankit.sharma\.m2\repository\org\seleniumhq\selenium\selenium-safari-driver\4.18.1\selenium-safari-driver-4.18.1.jar;C:\Users\v_ankit.sharma\.m2\repository\org\seleniumhq\selenium\selenium-support\4.18.1\selenium-support-4.18.1.jar;C:\Users\v_ankit.sharma\.m2\repository\org\testng\testng\7.9.0\testng-7.9.0.jar;C:\Users\v_ankit.sharma\.m2\repository\org\slf4j\slf4j-api\1.7.36\slf4j-api-1.7.36.jar;C:\Users\v_ankit.sharma\.m2\repository\com\beust\jcommander\1.82\jcommander-1.82.jar;C:\Users\v_ankit.sharma\.m2\repository\org\webjars\jquery\3.7.1\jquery-3.7.1.jar;C:\Users\v_ankit.sharma\.m2\repository\io\cucumber\cucumber-testng\7.15.0\cucumber-testng-7.15.0.jar;C:\Users\v_ankit.sharma\.m2\repository\tech\grasshopper\extentreports-cucumber7-adapter\1.14.0\extentreports-cucumber7-adapter-1.14.0.jar;C:\Users\v_ankit.sharma\.m2\repository\tech\grasshopper\extent-pdf-report\2.12.0\extent-pdf-report-2.12.0.jar;C:\Users\v_ankit.sharma\.m2\repository\tech\grasshopper\cucumber-pdf-report\2.14.0\cucumber-pdf-report-2.14.0.jar;C:\Users\v_ankit.sharma\.m2\repository\org\apache\pdfbox\pdfbox\2.0.26\pdfbox-2.0.26.jar;C:\Users\v_ankit.sharma\.m2\repository\org\apache\pdfbox\fontbox\2.0.26\fontbox-2.0.26.jar;C:\Users\v_ankit.sharma\.m2\repository\org\knowm\xchart\xchart\3.8.0\xchart-3.8.0.jar;C:\Users\v_ankit.sharma\.m2\repository\de\erichseifert\vectorgraphics2d\VectorGraphics2D\0.13\VectorGraphics2D-0.13.jar;C:\Users\v_ankit.sharma\.m2\repository\de\rototor\pdfbox\graphics2d\0.30\graphics2d-0.30.jar;C:\Users\v_ankit.sharma\.m2\repository\com\madgag\animated-gif-lib\1.4\animated-gif-lib-1.4.jar;C:\Users\v_ankit.sharma\.m2\repository\org\yaml\snakeyaml\2.0\snakeyaml-2.0.jar;C:\Users\v_ankit.sharma\.m2\repository\tech\grasshopper\table-layout\1.5.1\table-layout-1.5.1.jar;C:\Users\v_ankit.sharma\.m2\repository\tech\grasshopper\rest-assured-cucumber-pdf-report\1.5.0\rest-assured-cucumber-pdf-report-1.5.0.jar;C:\Users\v_ankit.sharma\.m2\repository\org\jsoup\jsoup\1.15.3\jsoup-1.15.3.jar;C:\Users\v_ankit.sharma\.m2\repository\com\aventstack\klov-reporter\5.1.0\klov-reporter-5.1.0.jar;C:\Users\v_ankit.sharma\.m2\repository\org\mongodb\bson\3.6.4\bson-3.6.4.jar;C:\Users\v_ankit.sharma\.m2\repository\org\apache\httpcomponents\httpclient\4.5.13\httpclient-4.5.13.jar;C:\Users\v_ankit.sharma\.m2\repository\org\apache\httpcomponents\httpcore\4.4.13\httpcore-4.4.13.jar;C:\Users\v_ankit.sharma\.m2\repository\commons-logging\commons-logging\1.2\commons-logging-1.2.jar;C:\Users\v_ankit.sharma\.m2\repository\commons-codec\commons-codec\1.11\commons-codec-1.11.jar;C:\Users\v_ankit.sharma\.m2\repository\org\apache\httpcomponents\httpmime\4.5.13\httpmime-4.5.13.jar;C:\Users\v_ankit.sharma\.m2\repository\tech\grasshopper\htmlextentreporter\1.1.0\htmlextentreporter-1.1.0.jar;C:\Users\v_ankit.sharma\.m2\repository\tech\grasshopper\extent-excel-report\1.4.0\extent-excel-report-1.4.0.jar;C:\Users\v_ankit.sharma\.m2\repository\org\apache\poi\poi\5.2.3\poi-5.2.3.jar;C:\Users\v_ankit.sharma\.m2\repository\org\apache\commons\commons-math3\3.6.1\commons-math3-3.6.1.jar;C:\Users\v_ankit.sharma\.m2\repository\com\zaxxer\SparseBitSet\1.2\SparseBitSet-1.2.jar;C:\Users\v_ankit.sharma\.m2\repository\org\apache\logging\log4j\log4j-api\2.18.0\log4j-api-2.18.0.jar;C:\Users\v_ankit.sharma\.m2\repository\org\apache\poi\poi-ooxml\5.2.3\poi-ooxml-5.2.3.jar;C:\Users\v_ankit.sharma\.m2\repository\org\apache\poi\poi-ooxml-lite\5.2.3\poi-ooxml-lite-5.2.3.jar;C:\Users\v_ankit.sharma\.m2\repository\org\apache\xmlbeans\xmlbeans\5.1.1\xmlbeans-5.1.1.jar;C:\Users\v_ankit.sharma\.m2\repository\org\apache\commons\commons-compress\1.21\commons-compress-1.21.jar;C:\Users\v_ankit.sharma\.m2\repository\com\github\virtuald\curvesapi\1.07\curvesapi-1.07.jar;C:\Users\v_ankit.sharma\.m2\repository\net\masterthought\maven-cucumber-reporting\5.8.0\maven-cucumber-reporting-5.8.0.jar;C:\Users\v_ankit.sharma\.m2\repository\org\apache\commons\commons-collections4\4.4\commons-collections4-4.4.jar;C:\Users\v_ankit.sharma\.m2\repository\net\masterthought\cucumber-reporting\5.7.8\cucumber-reporting-5.7.8.jar;C:\Users\v_ankit.sharma\.m2\repository\com\fasterxml\jackson\datatype\jackson-datatype-jsr310\2.16.0\jackson-datatype-jsr310-2.16.0.jar;C:\Users\v_ankit.sharma\.m2\repository\org\apache\velocity\velocity-engine-core\2.3\velocity-engine-core-2.3.jar;C:\Users\v_ankit.sharma\.m2\repository\joda-time\joda-time\2.12.5\joda-time-2.12.5.jar;C:\Users\v_ankit.sharma\.m2\repository\org\apache\commons\commons-lang3\3.13.0\commons-lang3-3.13.0.jar;C:\Users\v_ankit.sharma\.m2\repository\commons-io\commons-io\2.7\commons-io-2.7.jar;C:\Users\v_ankit.sharma\.m2\repository\org\codehaus\plexus\plexus-utils\3.5.1\plexus-utils-3.5.1.jar;C:\Users\v_ankit.sharma\.m2\repository\com\googlecode\owasp-java-html-sanitizer\owasp-java-html-sanitizer\20220608.1\owasp-java-html-sanitizer-20220608.1.jar;C:\Users\v_ankit.sharma\.m2\repository\commons-configuration\commons-configuration\1.10\commons-configuration-1.10.jar;C:\Users\v_ankit.sharma\.m2\repository\commons-lang\commons-lang\2.6\commons-lang-2.6.jar;C:\Users\v_ankit.sharma\.m2\repository\com\vimalselvam\cucumber-extentsreport\3.0.2\cucumber-extentsreport-3.0.2.jar;C:\Users\v_ankit.sharma\.m2\repository\com\aventstack\extentreports\5.0.4\extentreports-5.0.4.jar;C:\Users\v_ankit.sharma\.m2\repository\io\reactivex\rxjava3\rxjava\3.0.4\rxjava-3.0.4.jar;C:\Users\v_ankit.sharma\.m2\repository\org\reactivestreams\reactive-streams\1.0.3\reactive-streams-1.0.3.jar;C:\Users\v_ankit.sharma\.m2\repository\org\freemarker\freemarker\2.3.30\freemarker-2.3.30.jar;C:\Users\v_ankit.sharma\.m2\repository\org\projectlombok\lombok\1.18.12\lombok-1.18.12.jar;C:\Users\v_ankit.sharma\.m2\repository\tech\grasshopper\extentreports-cucumber6-adapter\2.1.0\extentreports-cucumber6-adapter-2.1.0.jar;C:\Users\v_ankit.sharma\.m2\repository\org\mongodb\mongodb-driver\3.3.0\mongodb-driver-3.3.0.jar;C:\Users\v_ankit.sharma\.m2\repository\org\mongodb\mongodb-driver-core\3.3.0\mongodb-driver-core-3.3.0.jar;C:\Users\v_ankit.sharma\.m2\repository\me\jvt\cucumber\reporting-plugin\7.11.0\reporting-plugin-7.11.0.jar;C:\Users\v_ankit.sharma\.m2\repository\io\cucumber\gherkin\28.0.0\gherkin-28.0.0.jar;C:\Users\v_ankit.sharma\.m2\repository\io\cucumber\messages\22.0.0\messages-22.0.0.jar;C:\Users\v_ankit.sharma\.m2\repository\io\qameta\allure\allure-junit5\2.20.1\allure-junit5-2.20.1.jar;C:\Users\v_ankit.sharma\.m2\repository\io\qameta\allure\allure-junit-platform\2.20.1\allure-junit-platform-2.20.1.jar;C:\Users\v_ankit.sharma\.m2\repository\io\qameta\allure\allure-test-filter\2.20.1\allure-test-filter-2.20.1.jar;C:\Users\v_ankit.sharma\.m2\repository\org\junit\jupiter\junit-jupiter-api\5.8.2\junit-jupiter-api-5.8.2.jar;C:\Users\v_ankit.sharma\.m2\repository\org\opentest4j\opentest4j\1.2.0\opentest4j-1.2.0.jar;C:\Users\v_ankit.sharma\.m2\repository\org\junit\platform\junit-platform-commons\1.8.2\junit-platform-commons-1.8.2.jar;C:\Users\v_ankit.sharma\.m2\repository\org\junit\platform\junit-platform-launcher\1.8.2\junit-platform-launcher-1.8.2.jar;C:\Users\v_ankit.sharma\.m2\repository\org\junit\platform\junit-platform-engine\1.8.2\junit-platform-engine-1.8.2.jar;C:\Users\v_ankit.sharma\.m2\repository\io\qameta\allure\allure-cucumber7-jvm\2.20.1\allure-cucumber7-jvm-2.20.1.jar;C:\Users\v_ankit.sharma\.m2\repository\io\qameta\allure\allure-java-commons\2.20.1\allure-java-commons-2.20.1.jar;C:\Users\v_ankit.sharma\.m2\repository\io\qameta\allure\allure-model\2.20.1\allure-model-2.20.1.jar;C:\Users\v_ankit.sharma\.m2\repository\org\jetbrains\annotations\24.1.0\annotations-24.1.0.jar;C:\Users\v_ankit.sharma\.m2\repository\com\google\code\gson\gson\2.10.1\gson-2.10.1.jar;C:\Users\v_ankit.sharma\.m2\repository\com\fasterxml\jackson\core\jackson-databind\2.17.1\jackson-databind-2.17.1.jar;C:\Users\v_ankit.sharma\.m2\repository\com\fasterxml\jackson\core\jackson-annotations\2.17.1\jackson-annotations-2.17.1.jar;C:\Users\v_ankit.sharma\.m2\repository\com\fasterxml\jackson\core\jackson-core\2.17.1\jackson-core-2.17.1.jar;C:\Users\v_ankit.sharma\AppData\Roaming\JetBrains\IdeaIC2023.3\plugins\cucumber-java\lib\cucumber-jvmFormatter.jar
Launcher Type: SUN_STANDARD

[Global flags]
     intx CICompilerCount                          = 4                                         {product} {ergonomic}
     uint ConcGCThreads                            = 2                                         {product} {ergonomic}
     uint G1ConcRefinementThreads                  = 8                                         {product} {ergonomic}
   size_t G1HeapRegionSize                         = 2097152                                   {product} {ergonomic}
   size_t InitialHeapSize                          = 264241152                                 {product} {ergonomic}
   size_t MarkStackSize                            = 4194304                                   {product} {ergonomic}
   size_t MaxHeapSize                              = 4223664128                                {product} {ergonomic}
   size_t MaxNewSize                               = 2533359616                                {product} {ergonomic}
   size_t MinHeapDeltaBytes                        = 2097152                                   {product} {ergonomic}
   size_t MinHeapSize                              = 8388608                                   {product} {ergonomic}
    uintx NonNMethodCodeHeapSize                   = 5839372                                {pd product} {ergonomic}
    uintx NonProfiledCodeHeapSize                  = 122909434                              {pd product} {ergonomic}
    uintx ProfiledCodeHeapSize                     = 122909434                              {pd product} {ergonomic}
    uintx ReservedCodeCacheSize                    = 251658240                              {pd product} {ergonomic}
     bool SegmentedCodeCache                       = true                                      {product} {ergonomic}
   size_t SoftMaxHeapSize                          = 4223664128                             {manageable} {ergonomic}
     bool UseCompressedOops                        = true                           {product lp64_product} {ergonomic}
     bool UseG1GC                                  = true                                      {product} {ergonomic}
     bool UseLargePagesIndividualAllocation        = false                                  {pd product} {ergonomic}

Logging:
Log output configuration:
 #0: stdout all=warning uptime,level,tags foldmultilines=false
 #1: stderr all=off uptime,level,tags foldmultilines=false

Environment Variables:
PATH=C:\Program Files (x86)\Common Files\Oracle\Java\javapath;C:\Windows\system32;C:\Windows;C:\Windows\System32\Wbem;C:\Windows\System32\WindowsPowerShell\v1.0\;C:\Windows\System32\OpenSSH\;C:\Users\v_ankit.sharma\Downloads\allure-2.29.0\allure-2.29.0\bin;C:\Users\v_ankit.sharma\AppData\Local\Microsoft\WindowsApps;C:\Users\v_ankit.sharma\AppData\Local\JetBrains\IntelliJ IDEA Community Edition 2023.3.6\bin;;C:\Users\v_ankit.sharma\AppData\Local\Programs\Git\cmd
USERNAME=V_Ankit.Sharma
OS=Windows_NT
PROCESSOR_IDENTIFIER=Intel64 Family 6 Model 140 Stepping 1, GenuineIntel
TMP=C:\Users\V_ANKI~1.SHA\AppData\Local\Temp
TEMP=C:\Users\V_ANKI~1.SHA\AppData\Local\Temp




Periodic native trim disabled

---------------  S Y S T E M  ---------------

OS:
 Windows 11 , 64 bit Build 22621 (10.0.22621.2428)
OS uptime: 33 days 4:44 hours
Hyper-V role detected

CPU: total 8 (initial active 8) (4 cores per cpu, 2 threads per core) family 6 model 140 stepping 1 microcode 0xa4, cx8, cmov, fxsr, ht, mmx, 3dnowpref, sse, sse2, sse3, ssse3, sse4.1, sse4.2, popcnt, lzcnt, tsc, tscinvbit, avx, avx2, aes, erms, clmul, bmi1, bmi2, adx, avx512f, avx512dq, avx512cd, avx512bw, avx512vl, sha, fma, vzeroupper, avx512_vpopcntdq, avx512_vpclmulqdq, avx512_vaes, avx512_vnni, clflush, clflushopt, clwb, avx512_vbmi2, avx512_vbmi, hv, rdtscp, rdpid, fsrm, gfni, avx512_bitalg, f16c, cet_ibt, cet_ss, avx512_ifma
Processor Information for processor 0
  Max Mhz: 2611, Current Mhz: 2611, Mhz Limit: 2611
Processor Information for processor 1
  Max Mhz: 2611, Current Mhz: 2611, Mhz Limit: 2611
Processor Information for processor 2
  Max Mhz: 2611, Current Mhz: 2611, Mhz Limit: 2611
Processor Information for processor 3
  Max Mhz: 2611, Current Mhz: 1205, Mhz Limit: 2611
Processor Information for processor 4
  Max Mhz: 2611, Current Mhz: 2611, Mhz Limit: 2611
Processor Information for processor 5
  Max Mhz: 2611, Current Mhz: 1205, Mhz Limit: 2611
Processor Information for processor 6
  Max Mhz: 2611, Current Mhz: 2611, Mhz Limit: 2611
Processor Information for processor 7
  Max Mhz: 2611, Current Mhz: 2611, Mhz Limit: 2611

Memory: 4k page, system-wide physical 16110M (514M free)
TotalPageFile size 40686M (AvailPageFile size 5M)
current process WorkingSet (physical memory assigned to process): 136M, peak: 136M
current process commit charge ("private bytes"): 385M, peak: 385M

vm_info: OpenJDK 64-Bit Server VM (22+36-2370) for windows-amd64 JRE (22+36-2370), built on 2024-02-15T22:15:19Z by "mach5one" with MS VC++ 17.6 (VS2022)

END.
